2022-10-17 23:48:34.667  INFO 11284 --- [main] com.examples.App                         : Starting App using Java 11.0.14 on DESKTOP-MJTB54D with PID 11284 (C:\IdeaProjects\Amigo\customer_app\target\classes started by стасевич in C:\IdeaProjects\Amigo)
2022-10-17 23:48:34.674  INFO 11284 --- [main] com.examples.App                         : No active profile set, falling back to 1 default profile: "default"
2022-10-17 23:48:35.821  INFO 11284 --- [main] .s.d.r.c.RepositoryConfigurationDelegate : Bootstrapping Spring Data JPA repositories in DEFAULT mode.
2022-10-17 23:48:35.895  INFO 11284 --- [main] .s.d.r.c.RepositoryConfigurationDelegate : Finished Spring Data repository scanning in 60 ms. Found 1 JPA repository interfaces.
2022-10-17 23:48:36.132  INFO 11284 --- [main] o.s.cloud.context.scope.GenericScope     : BeanFactory id=f32db715-fe14-3818-b29a-bebf2fdc1b9b
2022-10-17 23:48:36.771  INFO 11284 --- [main] o.s.b.w.embedded.tomcat.TomcatWebServer  : Tomcat initialized with port(s): 8081 (http)
2022-10-17 23:48:36.786  INFO 11284 --- [main] o.apache.catalina.core.StandardService   : Starting service [Tomcat]
2022-10-17 23:48:36.787  INFO 11284 --- [main] org.apache.catalina.core.StandardEngine  : Starting Servlet engine: [Apache Tomcat/9.0.65]
2022-10-17 23:48:37.026  INFO 11284 --- [main] o.a.c.c.C.[Tomcat].[localhost].[/]       : Initializing Spring embedded WebApplicationContext
2022-10-17 23:48:37.026  INFO 11284 --- [main] w.s.c.ServletWebServerApplicationContext : Root WebApplicationContext: initialization completed in 2272 ms
2022-10-17 23:48:37.067  INFO 11284 --- [main] com.zaxxer.hikari.HikariDataSource       : HikariPool-1 - Starting...
2022-10-17 23:48:37.213  INFO 11284 --- [main] com.zaxxer.hikari.HikariDataSource       : HikariPool-1 - Start completed.
2022-10-17 23:48:37.232  INFO 11284 --- [main] o.s.b.a.h2.H2ConsoleAutoConfiguration    : H2 console available at '/h2'. Database available at 'jdbc:h2:mem:testdb'
2022-10-17 23:48:37.440  INFO 11284 --- [main] o.hibernate.jpa.internal.util.LogHelper  : HHH000204: Processing PersistenceUnitInfo [name: default]
2022-10-17 23:48:37.498  INFO 11284 --- [main] org.hibernate.Version                    : HHH000412: Hibernate ORM core version 5.6.11.Final
2022-10-17 23:48:37.704  INFO 11284 --- [main] o.hibernate.annotations.common.Version   : HCANN000001: Hibernate Commons Annotations {5.1.2.Final}
2022-10-17 23:48:37.852  INFO 11284 --- [main] org.hibernate.dialect.Dialect            : HHH000400: Using dialect: org.hibernate.dialect.H2Dialect
2022-10-17 23:48:38.701  INFO 11284 --- [main] o.h.e.t.j.p.i.JtaPlatformInitiator       : HHH000490: Using JtaPlatform implementation: [org.hibernate.engine.transaction.jta.platform.internal.NoJtaPlatform]
2022-10-17 23:48:38.715  INFO 11284 --- [main] j.LocalContainerEntityManagerFactoryBean : Initialized JPA EntityManagerFactory for persistence unit 'default'
2022-10-17 23:48:39.268  WARN 11284 --- [main] JpaBaseConfiguration$JpaWebConfiguration : spring.jpa.open-in-view is enabled by default. Therefore, database queries may be performed during view rendering. Explicitly configure spring.jpa.open-in-view to disable this warning
2022-10-17 23:48:40.292  INFO 11284 --- [main] o.s.b.w.embedded.tomcat.TomcatWebServer  : Tomcat started on port(s): 8081 (http) with context path ''
2022-10-17 23:48:40.448  INFO 11284 --- [main] com.examples.App                         : Started App in 6.723 seconds (JVM running for 8.119)
2022-10-17 23:48:41.115  INFO 11284 --- [main] com.examples.App                         : An INFO Message
2022-10-17 23:48:41.117  WARN 11284 --- [main] com.examples.App                         : A WARN Message
2022-10-17 23:48:41.118 ERROR 11284 --- [main] com.examples.App                         : An ERROR Message
